{"E:\\SoloLearn\\WebUIClub\\other_task\\UnitTests\\tasks.js": {"path":"E:\\SoloLearn\\WebUIClub\\other_task\\UnitTests\\tasks.js","statementMap":{"0":{"start":{"line":4,"column":2},"end":{"line":4,"column":12}},"1":{"start":{"line":5,"column":15},"end":{"line":7,"column":40}},"2":{"start":{"line":7,"column":27},"end":{"line":7,"column":39}},"3":{"start":{"line":8,"column":2},"end":{"line":8,"column":36}},"4":{"start":{"line":14,"column":2},"end":{"line":14,"column":23}},"5":{"start":{"line":14,"column":10},"end":{"line":14,"column":23}},"6":{"start":{"line":15,"column":13},"end":{"line":15,"column":25}},"7":{"start":{"line":17,"column":2},"end":{"line":23,"column":3}},"8":{"start":{"line":17,"column":15},"end":{"line":17,"column":16}},"9":{"start":{"line":17,"column":26},"end":{"line":17,"column":27}},"10":{"start":{"line":18,"column":4},"end":{"line":20,"column":5}},"11":{"start":{"line":18,"column":17},"end":{"line":18,"column":18}},"12":{"start":{"line":19,"column":6},"end":{"line":19,"column":39}},"13":{"start":{"line":19,"column":31},"end":{"line":19,"column":39}},"14":{"start":{"line":21,"column":4},"end":{"line":21,"column":32}},"15":{"start":{"line":21,"column":20},"end":{"line":21,"column":32}},"16":{"start":{"line":22,"column":4},"end":{"line":22,"column":14}},"17":{"start":{"line":24,"column":2},"end":{"line":24,"column":15}},"18":{"start":{"line":27,"column":0},"end":{"line":27,"column":55}}},"fnMap":{"0":{"name":"sumOfDigits","decl":{"start":{"line":3,"column":9},"end":{"line":3,"column":20}},"loc":{"start":{"line":3,"column":26},"end":{"line":9,"column":1}},"line":3},"1":{"name":"(anonymous_1)","decl":{"start":{"line":7,"column":12},"end":{"line":7,"column":13}},"loc":{"start":{"line":7,"column":27},"end":{"line":7,"column":39}},"line":7},"2":{"name":"threeDigits","decl":{"start":{"line":13,"column":9},"end":{"line":13,"column":20}},"loc":{"start":{"line":13,"column":24},"end":{"line":25,"column":1}},"line":13}},"branchMap":{"0":{"loc":{"start":{"line":8,"column":9},"end":{"line":8,"column":35}},"type":"cond-expr","locations":[{"start":{"line":8,"column":25},"end":{"line":8,"column":26}},{"start":{"line":8,"column":29},"end":{"line":8,"column":35}}],"line":8},"1":{"loc":{"start":{"line":14,"column":2},"end":{"line":14,"column":23}},"type":"if","locations":[{"start":{"line":14,"column":2},"end":{"line":14,"column":23}},{"start":{"line":14,"column":2},"end":{"line":14,"column":23}}],"line":14},"2":{"loc":{"start":{"line":19,"column":6},"end":{"line":19,"column":39}},"type":"if","locations":[{"start":{"line":19,"column":6},"end":{"line":19,"column":39}},{"start":{"line":19,"column":6},"end":{"line":19,"column":39}}],"line":19},"3":{"loc":{"start":{"line":21,"column":4},"end":{"line":21,"column":32}},"type":"if","locations":[{"start":{"line":21,"column":4},"end":{"line":21,"column":32}},{"start":{"line":21,"column":4},"end":{"line":21,"column":32}}],"line":21}},"s":{"0":9,"1":9,"2":34,"3":9,"4":4,"5":2,"6":2,"7":2,"8":2,"9":2,"10":3,"11":3,"12":12,"13":6,"14":3,"15":1,"16":2,"17":1,"18":1},"f":{"0":9,"1":34,"2":4},"b":{"0":[5,4],"1":[2,2],"2":[6,6],"3":[1,2]},"_coverageSchema":"1a1c01bbd47fc00a2c39e90264f33305004495a9","hash":"af36b883d0c69627702939fe00d85dd6bd46697b"}
}
